[INFO ] 2023-06-04 16:33:21.172 [main] Testcase1 - successfully click
[INFO ] 2023-06-04 16:33:21.599 [main] Testcase1 - cleare successfully
[INFO ] 2023-06-04 16:33:21.706 [main] Testcase1 - put city successfully
[INFO ] 2023-06-04 16:33:21.938 [main] Testcase1 - click city successfully
[INFO ] 2023-06-04 16:33:22.096 [main] Testcase1 - put city1 successfully
[INFO ] 2023-06-04 16:33:22.186 [main] Testcase1 - click city1 successfully
[INFO ] 2023-06-04 16:38:44.086 [main] Testcase1 - successfully click
[INFO ] 2023-06-04 16:38:44.367 [main] Testcase1 - cleare successfully
[INFO ] 2023-06-04 16:38:44.515 [main] Testcase1 - put city successfully
[INFO ] 2023-06-04 16:38:44.729 [main] Testcase1 - click city successfully
[INFO ] 2023-06-04 16:38:44.906 [main] Testcase1 - put city1 successfully
[INFO ] 2023-06-04 16:38:45.000 [main] Testcase1 - click city1 successfully
[INFO ] 2023-06-04 16:39:56.727 [main] Testcase1 - successfully click
[INFO ] 2023-06-04 16:39:57.170 [main] Testcase1 - cleare successfully
[INFO ] 2023-06-04 16:39:57.283 [main] Testcase1 - put city successfully
[INFO ] 2023-06-04 16:39:57.387 [main] Testcase1 - click city successfully
[INFO ] 2023-06-04 16:39:57.637 [main] Testcase1 - put city1 successfully
[INFO ] 2023-06-04 16:39:57.739 [main] Testcase1 - click city1 successfully
[INFO ] 2023-06-04 16:47:15.919 [main] Testcase1 - successfully click
[INFO ] 2023-06-04 16:47:16.363 [main] Testcase1 - cleare successfully
[INFO ] 2023-06-04 16:47:16.462 [main] Testcase1 - put city successfully
[INFO ] 2023-06-04 16:47:16.559 [main] Testcase1 - click city successfully
[INFO ] 2023-06-04 16:47:16.712 [main] Testcase1 - put city1 successfully
[INFO ] 2023-06-04 16:47:16.808 [main] Testcase1 - click city1 successfully
[INFO ] 2023-06-04 17:10:01.548 [main] Testcase1 - successfully click
[INFO ] 2023-06-04 17:10:01.852 [main] Testcase1 - cleare successfully
[INFO ] 2023-06-04 17:10:02.040 [main] Testcase1 - put city successfully
[INFO ] 2023-06-04 17:10:02.144 [main] Testcase1 - click city successfully
[INFO ] 2023-06-04 17:10:02.367 [main] Testcase1 - put city1 successfully
[INFO ] 2023-06-04 17:10:02.547 [main] Testcase1 - click city1 successfully
[INFO ] 2023-06-06 00:54:43.168 [main] Testcase1 - successfully click
[INFO ] 2023-06-06 00:54:43.963 [main] Testcase1 - cleare successfully
[INFO ] 2023-06-06 00:54:44.123 [main] Testcase1 - put city successfully
[INFO ] 2023-06-06 00:54:44.340 [main] Testcase1 - click city successfully
[INFO ] 2023-06-06 00:54:44.682 [main] Testcase1 - put city1 successfully
[INFO ] 2023-06-06 00:54:44.790 [main] Testcase1 - click city1 successfully
[INFO ] 2023-06-06 19:14:39.418 [main] Testcase1 - successfully click
[INFO ] 2023-06-06 19:14:40.032 [main] Testcase1 - cleare successfully
[INFO ] 2023-06-06 19:14:40.497 [main] Testcase1 - put city successfully
[INFO ] 2023-06-06 19:14:40.890 [main] Testcase1 - click city successfully
[INFO ] 2023-06-06 19:14:41.261 [main] Testcase1 - put city1 successfully
[INFO ] 2023-06-06 19:14:41.868 [main] Testcase1 - click city1 successfully
